Exception in thread "DisconnectableInputStream source reader" org.gradle.api.UncheckedIOException: java.io.IOException: Acceso denegado
	at org.gradle.internal.UncheckedException.throwAsUncheckedException(UncheckedException.java:61)
	at org.gradle.internal.UncheckedException.throwAsUncheckedException(UncheckedException.java:41)
	at org.gradle.util.DisconnectableInputStream$1.run(DisconnectableInputStream.java:127)
	at java.base/java.lang.Thread.run(Thread.java:832)
Caused by: java.io.IOException: Acceso denegado
	at java.base/java.io.FileInputStream.readBytes(Native Method)
	at java.base/java.io.FileInputStream.read(FileInputStream.java:271)
	at java.base/java.io.BufferedInputStream.read1(BufferedInputStream.java:282)
	at java.base/java.io.BufferedInputStream.read(BufferedInputStream.java:343)
	at org.gradle.util.DisconnectableInputStream$1.run(DisconnectableInputStream.java:98)
	... 1 more
> Task :compileJava UP-TO-DATE
> Task :processResources UP-TO-DATE
> Task :classes UP-TO-DATE

> Task :bootRun

  .   ____          _            __ _ _
 /\\ / ___'_ __ _ _(_)_ __  __ _ \ \ \ \
( ( )\___ | '_ | '_| | '_ \/ _` | \ \ \ \
 \\/  ___)| |_)| | | | | || (_| |  ) ) ) )
  '  |____| .__|_| |_|_| |_\__, | / / / /
 =========|_|==============|___/=/_/_/_/
 :: Spring Boot ::        (v2.3.4.RELEASE)

2020-12-15 11:45:21.384  INFO 1976 --- [  restartedMain] c.d.DevOpsUsach2020Application           : Starting DevOpsUsach2020Application on LAPTOP-5PNSOC5U with PID 1976 (C:\Users\eduha\OneDrive\Cursos\CORFO\Diplomado especialista DevOps\Unidad III\Sesion 11\Taller\ejemplo-gradle\build\classes\java\main started by eduha in C:\Users\eduha\OneDrive\Cursos\CORFO\Diplomado especialista DevOps\Unidad III\Sesion 11\Taller\ejemplo-gradle)
2020-12-15 11:45:21.389  INFO 1976 --- [  restartedMain] c.d.DevOpsUsach2020Application           : No active profile set, falling back to default profiles: default
2020-12-15 11:45:21.512  INFO 1976 --- [  restartedMain] .e.DevToolsPropertyDefaultsPostProcessor : Devtools property defaults active! Set 'spring.devtools.add-properties' to 'false' to disable
2020-12-15 11:45:21.513  INFO 1976 --- [  restartedMain] .e.DevToolsPropertyDefaultsPostProcessor : For additional web related logging consider setting the 'logging.level.web' property to 'DEBUG'
2020-12-15 11:45:22.828  INFO 1976 --- [  restartedMain] o.s.b.w.embedded.tomcat.TomcatWebServer  : Tomcat initialized with port(s): 8081 (http)
2020-12-15 11:45:22.843  INFO 1976 --- [  restartedMain] o.apache.catalina.core.StandardService   : Starting service [Tomcat]
2020-12-15 11:45:22.843  INFO 1976 --- [  restartedMain] org.apache.catalina.core.StandardEngine  : Starting Servlet engine: [Apache Tomcat/9.0.38]
2020-12-15 11:45:22.957  INFO 1976 --- [  restartedMain] o.a.c.c.C.[Tomcat].[localhost].[/]       : Initializing Spring embedded WebApplicationContext
2020-12-15 11:45:22.957  INFO 1976 --- [  restartedMain] w.s.c.ServletWebServerApplicationContext : Root WebApplicationContext: initialization completed in 1444 ms
2020-12-15 11:45:23.179  INFO 1976 --- [  restartedMain] o.s.s.concurrent.ThreadPoolTaskExecutor  : Initializing ExecutorService 'applicationTaskExecutor'
2020-12-15 11:45:23.410  INFO 1976 --- [  restartedMain] o.s.b.d.a.OptionalLiveReloadServer       : LiveReload server is running on port 35729
2020-12-15 11:45:23.448  INFO 1976 --- [  restartedMain] o.s.b.w.embedded.tomcat.TomcatWebServer  : Tomcat started on port(s): 8081 (http) with context path ''
2020-12-15 11:45:23.461  INFO 1976 --- [  restartedMain] c.d.DevOpsUsach2020Application           : Started DevOpsUsach2020Application in 2.516 seconds (JVM running for 3.027)
Exception in thread "DisconnectableInputStream source reader" org.gradle.api.UncheckedIOException: java.io.IOException: Acceso denegado
	at org.gradle.internal.UncheckedException.throwAsUncheckedException(UncheckedException.java:61)
	at org.gradle.internal.UncheckedException.throwAsUncheckedException(UncheckedException.java:41)
	at org.gradle.util.DisconnectableInputStream$1.run(DisconnectableInputStream.java:127)
	at java.base/java.lang.Thread.run(Thread.java:832)
Caused by: java.io.IOException: Acceso denegado
	at java.base/java.io.FileInputStream.readBytes(Native Method)
	at java.base/java.io.FileInputStream.read(FileInputStream.java:271)
	at java.base/java.io.BufferedInputStream.read1(BufferedInputStream.java:282)
	at java.base/java.io.BufferedInputStream.read(BufferedInputStream.java:343)
	at org.gradle.util.DisconnectableInputStream$1.run(DisconnectableInputStream.java:98)
	... 1 more
> Task :compileJava UP-TO-DATE
> Task :processResources UP-TO-DATE
> Task :classes UP-TO-DATE

> Task :bootRun

  .   ____          _            __ _ _
 /\\ / ___'_ __ _ _(_)_ __  __ _ \ \ \ \
( ( )\___ | '_ | '_| | '_ \/ _` | \ \ \ \
 \\/  ___)| |_)| | | | | || (_| |  ) ) ) )
  '  |____| .__|_| |_|_| |_\__, | / / / /
 =========|_|==============|___/=/_/_/_/
 :: Spring Boot ::        (v2.3.4.RELEASE)

2020-12-15 11:53:29.248  INFO 13752 --- [  restartedMain] c.d.DevOpsUsach2020Application           : Starting DevOpsUsach2020Application on LAPTOP-5PNSOC5U with PID 13752 (C:\Users\eduha\OneDrive\Cursos\CORFO\Diplomado especialista DevOps\Unidad III\Sesion 11\Taller\ejemplo-gradle\build\classes\java\main started by eduha in C:\Users\eduha\OneDrive\Cursos\CORFO\Diplomado especialista DevOps\Unidad III\Sesion 11\Taller\ejemplo-gradle)
2020-12-15 11:53:29.252  INFO 13752 --- [  restartedMain] c.d.DevOpsUsach2020Application           : No active profile set, falling back to default profiles: default
2020-12-15 11:53:29.325  INFO 13752 --- [  restartedMain] .e.DevToolsPropertyDefaultsPostProcessor : Devtools property defaults active! Set 'spring.devtools.add-properties' to 'false' to disable
2020-12-15 11:53:29.325  INFO 13752 --- [  restartedMain] .e.DevToolsPropertyDefaultsPostProcessor : For additional web related logging consider setting the 'logging.level.web' property to 'DEBUG'
2020-12-15 11:53:30.574  INFO 13752 --- [  restartedMain] o.s.b.w.embedded.tomcat.TomcatWebServer  : Tomcat initialized with port(s): 8081 (http)
2020-12-15 11:53:30.587  INFO 13752 --- [  restartedMain] o.apache.catalina.core.StandardService   : Starting service [Tomcat]
2020-12-15 11:53:30.588  INFO 13752 --- [  restartedMain] org.apache.catalina.core.StandardEngine  : Starting Servlet engine: [Apache Tomcat/9.0.38]
2020-12-15 11:53:30.703  INFO 13752 --- [  restartedMain] o.a.c.c.C.[Tomcat].[localhost].[/]       : Initializing Spring embedded WebApplicationContext
2020-12-15 11:53:30.703  INFO 13752 --- [  restartedMain] w.s.c.ServletWebServerApplicationContext : Root WebApplicationContext: initialization completed in 1378 ms
2020-12-15 11:53:30.902  INFO 13752 --- [  restartedMain] o.s.s.concurrent.ThreadPoolTaskExecutor  : Initializing ExecutorService 'applicationTaskExecutor'
2020-12-15 11:53:31.128  INFO 13752 --- [  restartedMain] o.s.b.d.a.OptionalLiveReloadServer       : LiveReload server is running on port 35729
2020-12-15 11:53:31.168  INFO 13752 --- [  restartedMain] o.s.b.w.embedded.tomcat.TomcatWebServer  : Tomcat started on port(s): 8081 (http) with context path ''
2020-12-15 11:53:31.179  INFO 13752 --- [  restartedMain] c.d.DevOpsUsach2020Application           : Started DevOpsUsach2020Application in 2.344 seconds (JVM running for 3.06)
2020-12-15 11:53:32.444  INFO 13752 --- [nio-8081-exec-1] o.a.c.c.C.[Tomcat].[localhost].[/]       : Initializing Spring DispatcherServlet 'dispatcherServlet'
2020-12-15 11:53:32.444  INFO 13752 --- [nio-8081-exec-1] o.s.web.servlet.DispatcherServlet        : Initializing Servlet 'dispatcherServlet'
2020-12-15 11:53:32.450  INFO 13752 --- [nio-8081-exec-1] o.s.web.servlet.DispatcherServlet        : Completed initialization in 6 ms
2020-12-15 11:53:32.483  INFO 13752 --- [nio-8081-exec-1] devops.subnivel.Control                  : Proceso exitoso de prueba
2020-12-15 11:56:52.589  INFO 13752 --- [nio-8081-exec-4] devops.subnivel.Control                  : Proceso exitoso de prueba
2020-12-15 11:56:54.407  INFO 13752 --- [nio-8081-exec-5] devops.subnivel.Control                  : Proceso exitoso de prueba
2020-12-15 11:56:55.844  INFO 13752 --- [nio-8081-exec-7] devops.subnivel.Control                  : Proceso exitoso de prueba
2020-12-15 11:57:21.331  INFO 13752 --- [nio-8081-exec-9] devops.subnivel.Control                  : Proceso exitoso de prueba
